<?xml version="1.0" encoding="UTF-8"?>
<!-- Generated by org.testng.reporters.JUnitReportReporter -->
<testsuite hostname="DESKTOP-LA038U6" failures="0" tests="2" name="DemoWebShop.Tests.SubmitOrderTest2" time="٢٠.٢٢٢" errors="0" timestamp="٢٠٢٥-٠٤-٠٢T٠٢:١٧:٥٥ EET" skipped="0">
  <testcase classname="DemoWebShop.Tests.SubmitOrderTest2" name="nn" time="٩.٩١٥"/>
  <testcase classname="DemoWebShop.Tests.SubmitOrderTest2" name="nn" time="١٠.٣٠٧"/>
</testsuite> <!-- DemoWebShop.Tests.SubmitOrderTest2 -->
