<?xml version="1.0" encoding="UTF-8"?>
<!-- Generated by org.testng.reporters.JUnitReportReporter -->
<testsuite hostname="DESKTOP-LA038U6" failures="0" tests="3" name="DemoWebShop.Tests.RegiterationTests" time="٣٣.٢٣٨" errors="0" timestamp="٢٠٢٥-٠٤-٠٤T٠٦:٠١:٤٩ EET" skipped="0">
  <testcase classname="DemoWebShop.Tests.RegiterationTests" name="validRegiter" time="١٠.٧٥٧"/>
  <testcase classname="DemoWebShop.Tests.RegiterationTests" name="registerWithEmptyFields" time="١٣.٠٨١"/>
  <testcase classname="DemoWebShop.Tests.RegiterationTests" name="registerWithRegisterdEmail" time="٩.٤٠٠"/>
</testsuite> <!-- DemoWebShop.Tests.RegiterationTests -->
